0 verbose cli /data/data/com.termux/files/usr/bin/node /data/data/com.termux/files/usr/bin/npm
1 info using npm@10.8.2
2 info using node@v20.17.0
3 silly config load:file:/data/data/com.termux/files/usr/lib/node_modules/npm/npmrc
4 silly config load:file:/data/data/com.termux/files/home/chatbot-spreadsheet/.npmrc
5 silly config load:file:/data/data/com.termux/files/home/.npmrc
6 silly config load:file:/data/data/com.termux/files/usr/etc/npmrc
7 verbose title npm fund
8 verbose argv "fund"
9 verbose logfile logs-max:10 dir:/data/data/com.termux/files/home/.npm/_logs/2024-11-23T14_44_44_573Z-
10 verbose logfile /data/data/com.termux/files/home/.npm/_logs/2024-11-23T14_44_44_573Z-debug-0.log
11 silly packumentCache heap:980418560 maxSize:245104640 maxEntrySize:122552320
12 silly logfile start cleaning logs, removing 1 files
13 silly logfile done cleaning log files
14 verbose cwd /data/data/com.termux/files/home/chatbot-spreadsheet
15 verbose os Linux 4.19.157-perf-g3cb19d78acee
16 verbose node v20.17.0
17 verbose npm  v10.8.2
18 verbose exit 0
19 info ok
